<?xml version="1.0" encoding="UTF-8"?>
<!-- Generated by org.testng.reporters.JUnitReportReporter -->
<testsuite hostname="NTPC02225" name="com.Appdirect.TestCases.TC_SignUp" tests="1" failures="0" timestamp="14 Sep 2016 07:39:03 GMT" time="248.858" errors="0">
  <testcase name="InValidEmail" time="248.858" classname="com.Appdirect.TestCases.TC_SignUp"/>
</testsuite> <!-- com.Appdirect.TestCases.TC_SignUp -->
